# JRE version: OpenJDK Runtime Environment (11.0.3+7) (build 11.0.3+7)
# Java VM: OpenJDK 64-Bit Server VM (11.0.3+7, mixed mode, tiered, compressed oops, g1 gc, linux-amd64)
Heap:
 garbage-first heap   total 315392K, used 36942K [0x00000000a0000000, 0x0000000100000000)
  region size 1024K, 3 young (3072K), 3 survivors (3072K)
 Metaspace       used 35347K, capacity 36017K, committed 36480K, reserved 1081344K
  class space    used 4503K, capacity 4702K, committed 4736K, reserved 1048576K
GC Heap History (10 events):
Event: 33,308 GC heap after
{Heap after GC invocations=16 (full 0):
 garbage-first heap   total 157696K, used 33168K [0x00000000a0000000, 0x0000000100000000)
  region size 1024K, 1 young (1024K), 1 survivors (1024K)
 Metaspace       used 35300K, capacity 35889K, committed 36480K, reserved 1081344K
  class space    used 4503K, capacity 4702K, committed 4736K, reserved 1048576K
}
Event: 38,962 GC heap before
{Heap before GC invocations=16 (full 0):
 garbage-first heap   total 157696K, used 56720K [0x00000000a0000000, 0x0000000100000000)
  region size 1024K, 25 young (25600K), 1 survivors (1024K)
 Metaspace       used 35302K, capacity 35889K, committed 36480K, reserved 1081344K
  class space    used 4503K, capacity 4702K, committed 4736K, reserved 1048576K
}
Event: 39,919 GC heap after
{Heap after GC invocations=17 (full 0):
 garbage-first heap   total 157696K, used 34459K [0x00000000a0000000, 0x0000000100000000)
  region size 1024K, 2 young (2048K), 2 survivors (2048K)
 Metaspace       used 35302K, capacity 35889K, committed 36480K, reserved 1081344K
  class space    used 4503K, capacity 4702K, committed 4736K, reserved 1048576K
}
Event: 41,252 GC heap before
{Heap before GC invocations=17 (full 0):
 garbage-first heap   total 157696K, used 39579K [0x00000000a0000000, 0x0000000100000000)
  region size 1024K, 7 young (7168K), 2 survivors (2048K)
 Metaspace       used 35302K, capacity 35889K, committed 36480K, reserved 1081344K
  class space    used 4503K, capacity 4702K, committed 4736K, reserved 1048576K
}
Event: 41,263 GC heap after
{Heap after GC invocations=18 (full 0):
 garbage-first heap   total 157696K, used 34686K [0x00000000a0000000, 0x0000000100000000)
  region size 1024K, 1 young (1024K), 1 survivors (1024K)
 Metaspace       used 35302K, capacity 35889K, committed 36480K, reserved 1081344K
  class space    used 4503K, capacity 4702K, committed 4736K, reserved 1048576K
}
Event: 42,803 GC heap before
{Heap before GC invocations=18 (full 0):
 garbage-first heap   total 157696K, used 40830K [0x00000000a0000000, 0x0000000100000000)
  region size 1024K, 7 young (7168K), 1 survivors (1024K)
 Metaspace       used 35302K, capacity 35889K, committed 36480K, reserved 1081344K
  class space    used 4503K, capacity 4702K, committed 4736K, reserved 1048576K
}
Event: 42,809 GC heap after
{Heap after GC invocations=19 (full 0):
 garbage-first heap   total 157696K, used 34897K [0x00000000a0000000, 0x0000000100000000)
  region size 1024K, 1 young (1024K), 1 survivors (1024K)
 Metaspace       used 35302K, capacity 35889K, committed 36480K, reserved 1081344K
  class space    used 4503K, capacity 4702K, committed 4736K, reserved 1048576K
}
Event: 60,244 GC heap before
{Heap before GC invocations=19 (full 0):
 garbage-first heap   total 157696K, used 52305K [0x00000000a0000000, 0x0000000100000000)
  region size 1024K, 18 young (18432K), 1 survivors (1024K)
 Metaspace       used 35347K, capacity 36017K, committed 36480K, reserved 1081344K
  class space    used 4503K, capacity 4702K, committed 4736K, reserved 1048576K
}
Event: 60,375 GC heap after
{Heap after GC invocations=20 (full 0):
 garbage-first heap   total 157696K, used 35517K [0x00000000a0000000, 0x0000000100000000)
  region size 1024K, 2 young (2048K), 2 survivors (2048K)
 Metaspace       used 35347K, capacity 36017K, committed 36480K, reserved 1081344K
  class space    used 4503K, capacity 4702K, committed 4736K, reserved 1048576K
}
Event: 63,121 GC heap before
{Heap before GC invocations=20 (full 0):
 garbage-first heap   total 157696K, used 60093K [0x00000000a0000000, 0x0000000100000000)
  region size 1024K, 26 young (26624K), 2 survivors (2048K)
 Metaspace       used 35347K, capacity 36017K, committed 36480K, reserved 1081344K
  class space    used 4503K, capacity 4702K, committed 4736K, reserved 1048576K
}

