# JRE version: OpenJDK Runtime Environment (11.0.3+7) (build 11.0.3+7)
# Java VM: OpenJDK 64-Bit Server VM (11.0.3+7, mixed mode, tiered, compressed oops, g1 gc, linux-amd64)
Heap:
 garbage-first heap   total 264192K, used 66445K [0x00000000a0000000, 0x0000000100000000)
  region size 1024K, 1 young (1024K), 1 survivors (1024K)
 Metaspace       used 73345K, capacity 75071K, committed 75428K, reserved 1114112K
  class space    used 9421K, capacity 9942K, committed 9980K, reserved 1048576K
GC Heap History (10 events):
Event: 54,766 GC heap after
{Heap after GC invocations=21 (full 0):
 garbage-first heap   total 109568K, used 54179K [0x00000000a0000000, 0x0000000100000000)
  region size 1024K, 2 young (2048K), 2 survivors (2048K)
 Metaspace       used 60754K, capacity 62139K, committed 62500K, reserved 1103872K
  class space    used 7618K, capacity 8012K, committed 8060K, reserved 1048576K
}
Event: 59,077 GC heap before
{Heap before GC invocations=22 (full 0):
 garbage-first heap   total 109568K, used 83875K [0x00000000a0000000, 0x0000000100000000)
  region size 1024K, 31 young (31744K), 2 survivors (2048K)
 Metaspace       used 64199K, capacity 65662K, committed 66084K, reserved 1107968K
  class space    used 8106K, capacity 8530K, committed 8572K, reserved 1048576K
}
Event: 59,155 GC heap after
{Heap after GC invocations=23 (full 0):
 garbage-first heap   total 132096K, used 55803K [0x00000000a0000000, 0x0000000100000000)
  region size 1024K, 4 young (4096K), 4 survivors (4096K)
 Metaspace       used 64199K, capacity 65662K, committed 66084K, reserved 1107968K
  class space    used 8106K, capacity 8530K, committed 8572K, reserved 1048576K
}
Event: 63,997 GC heap before
{Heap before GC invocations=23 (full 0):
 garbage-first heap   total 132096K, used 93691K [0x00000000a0000000, 0x0000000100000000)
  region size 1024K, 41 young (41984K), 4 survivors (4096K)
 Metaspace       used 67478K, capacity 69014K, committed 69540K, reserved 1110016K
  class space    used 8503K, capacity 8919K, committed 8956K, reserved 1048576K
}
Event: 64,097 GC heap after
{Heap after GC invocations=24 (full 0):
 garbage-first heap   total 132096K, used 58965K [0x00000000a0000000, 0x0000000100000000)
  region size 1024K, 5 young (5120K), 5 survivors (5120K)
 Metaspace       used 67478K, capacity 69014K, committed 69540K, reserved 1110016K
  class space    used 8503K, capacity 8919K, committed 8956K, reserved 1048576K
}
Event: 71,343 GC heap before
{Heap before GC invocations=24 (full 0):
 garbage-first heap   total 132096K, used 100949K [0x00000000a0000000, 0x0000000100000000)
  region size 1024K, 46 young (47104K), 5 survivors (5120K)
 Metaspace       used 71001K, capacity 72515K, committed 72996K, reserved 1112064K
  class space    used 9075K, capacity 9527K, committed 9596K, reserved 1048576K
}
Event: 71,461 GC heap after
{Heap after GC invocations=25 (full 0):
 garbage-first heap   total 132096K, used 61906K [0x00000000a0000000, 0x0000000100000000)
  region size 1024K, 3 young (3072K), 3 survivors (3072K)
 Metaspace       used 71001K, capacity 72515K, committed 72996K, reserved 1112064K
  class space    used 9075K, capacity 9527K, committed 9596K, reserved 1048576K
}
Event: 79,410 GC heap before
{Heap before GC invocations=25 (full 0):
 garbage-first heap   total 132096K, used 102866K [0x00000000a0000000, 0x0000000100000000)
  region size 1024K, 43 young (44032K), 3 survivors (3072K)
 Metaspace       used 73343K, capacity 75071K, committed 75428K, reserved 1114112K
  class space    used 9421K, capacity 9942K, committed 9980K, reserved 1048576K
}
Event: 81,364 GC heap after
{Heap after GC invocations=26 (full 0):
 garbage-first heap   total 132096K, used 65536K [0x00000000a0000000, 0x0000000100000000)
  region size 1024K, 6 young (6144K), 6 survivors (6144K)
 Metaspace       used 73343K, capacity 75071K, committed 75428K, reserved 1114112K
  class space    used 9421K, capacity 9942K, committed 9980K, reserved 1048576K
}
Event: 81,636 GC heap before
{Heap before GC invocations=26 (full 0):
 garbage-first heap   total 132096K, used 66560K [0x00000000a0000000, 0x0000000100000000)
  region size 1024K, 7 young (7168K), 6 survivors (6144K)
 Metaspace       used 73345K, capacity 75071K, committed 75428K, reserved 1114112K
  class space    used 9421K, capacity 9942K, committed 9980K, reserved 1048576K
}

